<?xml version="1.0" encoding="UTF-8"?>
<!-- Generated by org.testng.reporters.JUnitXMLReporter -->
<testsuite hostname="sachin4597-01" ignored="0" name="Test Application - Chrome" tests="2" failures="1" timestamp="04 Aug 2019 10:16:26 GMT" time="11.096" errors="0">
  <testcase name="Test_Validate_BusTicket_Fields" time="1.927" classname="com.nag.nagp.testcases.Test_Redbus_BusTicket_BookingPage"/>
  <testcase name="Test_Validate_BusesSameSourceDestination" time="2.097" classname="com.nag.nagp.testcases.Test_Redbus_BusTicket_BookingPage">
    <failure type="com.nag.nagp.customException.ElementNotClickable" message="
WebElement busTickets_Menu [By.xpath: //a[@title=&amp;apos;redBus&amp;apos;]] Not Clickable">
      <![CDATA[com.nag.nagp.customException.ElementNotClickable: 
WebElement busTickets_Menu [By.xpath: //a[@title='redBus']] Not Clickable
at com.nag.nagp.selenium.keywords.SeleniumKeywords.click(SeleniumKeywords.java:81)
at com.nag.nagp.applicationhelper.RedbusHelper.setJourneyDetails(RedbusHelper.java:51)
at com.nag.nagp.testcases.Test_Redbus_BusTicket_BookingPage.Test_Validate_BusesSameSourceDestination(Test_Redbus_BusTicket_BookingPage.java:28)
at java.util.concurrent.FutureTask.run(FutureTask.java:266)
at java.util.concurrent.ThreadPoolExecutor.runWorker(ThreadPoolExecutor.java:1149)
at java.util.concurrent.ThreadPoolExecutor$Worker.run(ThreadPoolExecutor.java:624)
at java.lang.Thread.run(Thread.java:748)
... Removed 16 stack frames]]>
    </failure>
  </testcase> <!-- Test_Validate_BusesSameSourceDestination -->
</testsuite> <!-- Test Application - Chrome -->
