<?xml version="1.0" encoding="UTF-8"?>
<testng-results skipped="0" failed="0" ignored="0" total="2" passed="2">
  <reporter-output>
  </reporter-output>
  <suite name="Parallel - RegressionSuite" duration-ms="23195" started-at="2019-08-04T08:56:47Z" finished-at="2019-08-04T08:57:10Z">
    <groups>
    </groups>
    <test name="Test Application - Firefox" duration-ms="23195" started-at="2019-08-04T08:56:47Z" finished-at="2019-08-04T08:57:10Z">
      <class name="com.nag.nagp.testcases.Test_Redbus_BusTicket_BookingPage">
        <test-method status="PASS" signature="beforeSuite()[pri:0, instance:com.nag.nagp.testcases.Test_Redbus_BusTicket_BookingPage@551aa95a]" name="beforeSuite" is-config="true" duration-ms="169" started-at="2019-08-04T08:56:47Z" finished-at="2019-08-04T08:56:47Z">
          <reporter-output>
          </reporter-output>
        </test-method> <!-- beforeSuite -->
        <test-method status="PASS" signature="beforeTest(java.lang.String)[pri:0, instance:com.nag.nagp.testcases.Test_Redbus_BusTicket_BookingPage@551aa95a]" name="beforeTest" is-config="true" duration-ms="5375" started-at="2019-08-04T08:56:47Z" finished-at="2019-08-04T08:56:53Z">
          <params>
            <param index="0">
              <value>
                <![CDATA[firefox]]>
              </value>
            </param>
          </params>
          <reporter-output>
          </reporter-output>
        </test-method> <!-- beforeTest -->
        <test-method status="PASS" signature="initializeRestClient(java.lang.reflect.Method, org.testng.ITestResult)[pri:0, instance:com.nag.nagp.testcases.Test_Redbus_BusTicket_BookingPage@551aa95a]" name="initializeRestClient" is-config="true" duration-ms="2691" started-at="2019-08-04T08:56:53Z" finished-at="2019-08-04T08:56:55Z">
          <params>
            <param index="0">
              <value>
                <![CDATA[public void com.nag.nagp.testcases.Test_Redbus_BusTicket_BookingPage.Test_Validate_BusTicket_Fields() throws com.nag.nagp.customException.ElementNotFound,com.nag.nagp.customException.ElementNotClickable]]>
              </value>
            </param>
            <param index="1">
              <value>
                <![CDATA[[TestResult name=Test_Validate_BusTicket_Fields status=SUCCESS method=Test_Redbus_BusTicket_BookingPage.Test_Validate_BusTicket_Fields()[pri:0, instance:com.nag.nagp.testcases.Test_Redbus_BusTicket_BookingPage@551aa95a] output={null}]]]>
              </value>
            </param>
          </params>
          <reporter-output>
          </reporter-output>
        </test-method> <!-- initializeRestClient -->
        <test-method status="PASS" signature="Test_Validate_BusTicket_Fields()[pri:0, instance:com.nag.nagp.testcases.Test_Redbus_BusTicket_BookingPage@551aa95a]" name="Test_Validate_BusTicket_Fields" duration-ms="2372" started-at="2019-08-04T08:56:55Z" description="Validate the fields on Redbus bus ticket page." finished-at="2019-08-04T08:56:58Z">
          <reporter-output>
          </reporter-output>
        </test-method> <!-- Test_Validate_BusTicket_Fields -->
        <test-method status="PASS" signature="getResult(org.testng.ITestResult)[pri:0, instance:com.nag.nagp.testcases.Test_Redbus_BusTicket_BookingPage@551aa95a]" name="getResult" is-config="true" duration-ms="3" started-at="2019-08-04T08:56:58Z" finished-at="2019-08-04T08:56:58Z">
          <params>
            <param index="0">
              <value>
                <![CDATA[[TestResult name=Test_Validate_BusTicket_Fields status=SUCCESS method=Test_Redbus_BusTicket_BookingPage.Test_Validate_BusTicket_Fields()[pri:0, instance:com.nag.nagp.testcases.Test_Redbus_BusTicket_BookingPage@551aa95a] output={null}]]]>
              </value>
            </param>
          </params>
          <reporter-output>
          </reporter-output>
        </test-method> <!-- getResult -->
        <test-method status="PASS" signature="initializeRestClient(java.lang.reflect.Method, org.testng.ITestResult)[pri:0, instance:com.nag.nagp.testcases.Test_Redbus_BusTicket_BookingPage@551aa95a]" name="initializeRestClient" is-config="true" duration-ms="1455" started-at="2019-08-04T08:56:58Z" finished-at="2019-08-04T08:56:59Z">
          <params>
            <param index="0">
              <value>
                <![CDATA[public void com.nag.nagp.testcases.Test_Redbus_BusTicket_BookingPage.Test_Validate_BusesSameSourceDestination() throws com.nag.nagp.customException.ElementNotFound,com.nag.nagp.customException.ElementNotClickable,java.lang.Exception]]>
              </value>
            </param>
            <param index="1">
              <value>
                <![CDATA[[TestResult name=Test_Validate_BusesSameSourceDestination status=SUCCESS method=Test_Redbus_BusTicket_BookingPage.Test_Validate_BusesSameSourceDestination()[pri:0, instance:com.nag.nagp.testcases.Test_Redbus_BusTicket_BookingPage@551aa95a] output={null}]]]>
              </value>
            </param>
          </params>
          <reporter-output>
          </reporter-output>
        </test-method> <!-- initializeRestClient -->
        <test-method status="PASS" signature="Test_Validate_BusesSameSourceDestination()[pri:0, instance:com.nag.nagp.testcases.Test_Redbus_BusTicket_BookingPage@551aa95a]" name="Test_Validate_BusesSameSourceDestination" duration-ms="9398" started-at="2019-08-04T08:56:59Z" description="Validate the number of buses when Source and Destination are same." finished-at="2019-08-04T08:57:08Z">
          <reporter-output>
          </reporter-output>
        </test-method> <!-- Test_Validate_BusesSameSourceDestination -->
        <test-method status="PASS" signature="getResult(org.testng.ITestResult)[pri:0, instance:com.nag.nagp.testcases.Test_Redbus_BusTicket_BookingPage@551aa95a]" name="getResult" is-config="true" duration-ms="1" started-at="2019-08-04T08:57:08Z" finished-at="2019-08-04T08:57:08Z">
          <params>
            <param index="0">
              <value>
                <![CDATA[[TestResult name=Test_Validate_BusesSameSourceDestination status=SUCCESS method=Test_Redbus_BusTicket_BookingPage.Test_Validate_BusesSameSourceDestination()[pri:0, instance:com.nag.nagp.testcases.Test_Redbus_BusTicket_BookingPage@551aa95a] output={null}]]]>
              </value>
            </param>
          </params>
          <reporter-output>
          </reporter-output>
        </test-method> <!-- getResult -->
        <test-method status="PASS" signature="tearDown(java.lang.String)[pri:0, instance:com.nag.nagp.testcases.Test_Redbus_BusTicket_BookingPage@551aa95a]" name="tearDown" is-config="true" duration-ms="1883" started-at="2019-08-04T08:57:08Z" finished-at="2019-08-04T08:57:10Z">
          <params>
            <param index="0">
              <value>
                <![CDATA[firefox]]>
              </value>
            </param>
          </params>
          <reporter-output>
          </reporter-output>
        </test-method> <!-- tearDown -->
      </class> <!-- com.nag.nagp.testcases.Test_Redbus_BusTicket_BookingPage -->
    </test> <!-- Test Application - Firefox -->
  </suite> <!-- Parallel - RegressionSuite -->
</testng-results>
