<?xml version="1.0" encoding="UTF-8"?>
<!-- Generated by org.testng.reporters.JUnitXMLReporter -->
<testsuite hostname="sachin4597-01" ignored="0" name="Test Application - Firefox" tests="2" failures="0" timestamp="04 Aug 2019 08:57:10 GMT" time="23.195" errors="0">
  <testcase name="Test_Validate_BusTicket_Fields" time="2.372" classname="com.nag.nagp.testcases.Test_Redbus_BusTicket_BookingPage"/>
  <testcase name="Test_Validate_BusesSameSourceDestination" time="9.398" classname="com.nag.nagp.testcases.Test_Redbus_BusTicket_BookingPage"/>
</testsuite> <!-- Test Application - Firefox -->
