<?xml version="1.0" encoding="UTF-8"?>
<testng-results skipped="4" failed="1" ignored="2" total="10" passed="3">
  <reporter-output>
  </reporter-output>
  <suite name="RegressionSuite" duration-ms="30447" started-at="2019-08-07T16:30:13Z" finished-at="2019-08-07T16:30:44Z">
    <groups>
      <group name="SignUp">
        <method signature="Test_AmazonApp.Test_Validate_AmazonSignUp()[pri:0, instance:com.nag.nagp.testcases.Test_AmazonApp@2db7a79b]" name="Test_Validate_AmazonSignUp" class="com.nag.nagp.testcases.Test_AmazonApp"/>
        <method signature="Test_AmazonApp.Test_Validate_AmazonSignUp()[pri:0, instance:com.nag.nagp.testcases.Test_AmazonApp@365185bd]" name="Test_Validate_AmazonSignUp" class="com.nag.nagp.testcases.Test_AmazonApp"/>
      </group> <!-- SignUp -->
      <group name="Search">
        <method signature="Test_AmazonApp.Test_Validate_Click_AmazonLogo()[pri:0, instance:com.nag.nagp.testcases.Test_AmazonApp@2db7a79b]" name="Test_Validate_Click_AmazonLogo" class="com.nag.nagp.testcases.Test_AmazonApp"/>
        <method signature="Test_AmazonApp.Test_Validate_Click_AmazonLogo()[pri:0, instance:com.nag.nagp.testcases.Test_AmazonApp@365185bd]" name="Test_Validate_Click_AmazonLogo" class="com.nag.nagp.testcases.Test_AmazonApp"/>
      </group> <!-- Search -->
      <group name="Login">
        <method signature="Test_AmazonApp.Test_Validate_ClickSignIn()[pri:0, instance:com.nag.nagp.testcases.Test_AmazonApp@2db7a79b]" name="Test_Validate_ClickSignIn" class="com.nag.nagp.testcases.Test_AmazonApp"/>
        <method signature="Test_AmazonApp.Test_Validate_ClickSignIn()[pri:0, instance:com.nag.nagp.testcases.Test_AmazonApp@365185bd]" name="Test_Validate_ClickSignIn" class="com.nag.nagp.testcases.Test_AmazonApp"/>
      </group> <!-- Login -->
      <group name="Home">
        <method signature="Test_AmazonApp.Test_Validate_HomePage()[pri:0, instance:com.nag.nagp.testcases.Test_AmazonApp@2db7a79b]" name="Test_Validate_HomePage" class="com.nag.nagp.testcases.Test_AmazonApp"/>
        <method signature="Test_AmazonApp.Test_Validate_HomePage()[pri:0, instance:com.nag.nagp.testcases.Test_AmazonApp@365185bd]" name="Test_Validate_HomePage" class="com.nag.nagp.testcases.Test_AmazonApp"/>
      </group> <!-- Home -->
    </groups>
    <test name="Test Application - Firefox" duration-ms="5027" started-at="2019-08-07T16:30:13Z" finished-at="2019-08-07T16:30:18Z">
      <class name="com.nag.nagp.testcases.Test_AmazonApp">
        <test-method status="PASS" signature="beforeTest(java.lang.String)[pri:0, instance:com.nag.nagp.testcases.Test_AmazonApp@2db7a79b]" name="beforeTest" is-config="true" duration-ms="4507" started-at="2019-08-07T16:30:13Z" finished-at="2019-08-07T16:30:18Z">
          <params>
            <param index="0">
              <value>
                <![CDATA[chrome]]>
              </value>
            </param>
          </params>
          <reporter-output>
          </reporter-output>
        </test-method> <!-- beforeTest -->
        <test-method status="FAIL" signature="initializeRestClient(java.lang.reflect.Method, org.testng.ITestResult)[pri:0, instance:com.nag.nagp.testcases.Test_AmazonApp@2db7a79b]" name="initializeRestClient" is-config="true" duration-ms="13" started-at="2019-08-07T16:30:18Z" finished-at="2019-08-07T16:30:18Z">
          <params>
            <param index="0">
              <value>
                <![CDATA[public void com.nag.nagp.testcases.Test_AmazonApp.Test_Validate_AmazonSignUp() throws com.nag.nagp.customException.ElementNotFound,com.nag.nagp.customException.ElementNotClickable]]>
              </value>
            </param>
            <param index="1">
              <value>
                <![CDATA[[TestResult name={null} status=CREATED method=Test_AmazonApp.Test_Validate_AmazonSignUp()[pri:0, instance:com.nag.nagp.testcases.Test_AmazonApp@2db7a79b] output={null}]]]>
              </value>
            </param>
          </params>
          <exception class="java.lang.NullPointerException">
            <full-stacktrace>
              <![CDATA[java.lang.NullPointerException
at com.nag.nagp.selenium.keywords.SeleniumKeywords.navigateTo(SeleniumKeywords.java:65)
at com.nag.nagp.testcasebase.TestCasesBase.initializeRestClient(TestCasesBase.java:85)
at sun.reflect.NativeMethodAccessorImpl.invoke0(Native Method)
at sun.reflect.NativeMethodAccessorImpl.invoke(NativeMethodAccessorImpl.java:62)
at sun.reflect.DelegatingMethodAccessorImpl.invoke(DelegatingMethodAccessorImpl.java:43)
at java.lang.reflect.Method.invoke(Method.java:498)
at org.testng.internal.MethodInvocationHelper.invokeMethod(MethodInvocationHelper.java:124)
at org.testng.internal.MethodInvocationHelper.invokeMethodConsideringTimeout(MethodInvocationHelper.java:59)
at org.testng.internal.Invoker.invokeConfigurationMethod(Invoker.java:458)
at org.testng.internal.Invoker.invokeConfigurations(Invoker.java:222)
at org.testng.internal.Invoker.invokeMethod(Invoker.java:523)
at org.testng.internal.Invoker.invokeTestMethod(Invoker.java:719)
at org.testng.internal.Invoker.invokeTestMethods(Invoker.java:989)
at org.testng.internal.TestMethodWorker.invokeTestMethods(TestMethodWorker.java:125)
at org.testng.internal.TestMethodWorker.run(TestMethodWorker.java:109)
at org.testng.TestRunner.privateRun(TestRunner.java:648)
at org.testng.TestRunner.run(TestRunner.java:505)
at org.testng.SuiteRunner.runTest(SuiteRunner.java:455)
at org.testng.SuiteRunner.runSequentially(SuiteRunner.java:450)
at org.testng.SuiteRunner.privateRun(SuiteRunner.java:415)
at org.testng.SuiteRunner.run(SuiteRunner.java:364)
at org.testng.SuiteRunnerWorker.runSuite(SuiteRunnerWorker.java:52)
at org.testng.SuiteRunnerWorker.run(SuiteRunnerWorker.java:84)
at org.testng.TestNG.runSuitesSequentially(TestNG.java:1208)
at org.testng.TestNG.runSuitesLocally(TestNG.java:1137)
at org.testng.TestNG.runSuites(TestNG.java:1049)
at org.testng.TestNG.run(TestNG.java:1017)
at org.testng.remote.AbstractRemoteTestNG.run(AbstractRemoteTestNG.java:115)
at org.testng.remote.RemoteTestNG.initAndRun(RemoteTestNG.java:251)
at org.testng.remote.RemoteTestNG.main(RemoteTestNG.java:77)
]]>
            </full-stacktrace>
          </exception> <!-- java.lang.NullPointerException -->
          <reporter-output>
          </reporter-output>
        </test-method> <!-- initializeRestClient -->
        <test-method status="SKIP" signature="Test_Validate_AmazonSignUp()[pri:0, instance:com.nag.nagp.testcases.Test_AmazonApp@2db7a79b]" name="Test_Validate_AmazonSignUp" duration-ms="0" started-at="2019-08-07T16:30:18Z" description="Validate Create Account Amazon Application" finished-at="2019-08-07T16:30:18Z">
          <exception class="java.lang.NullPointerException">
            <full-stacktrace>
              <![CDATA[java.lang.NullPointerException
at com.nag.nagp.selenium.keywords.SeleniumKeywords.navigateTo(SeleniumKeywords.java:65)
at com.nag.nagp.testcasebase.TestCasesBase.initializeRestClient(TestCasesBase.java:85)
at sun.reflect.NativeMethodAccessorImpl.invoke0(Native Method)
at sun.reflect.NativeMethodAccessorImpl.invoke(NativeMethodAccessorImpl.java:62)
at sun.reflect.DelegatingMethodAccessorImpl.invoke(DelegatingMethodAccessorImpl.java:43)
at java.lang.reflect.Method.invoke(Method.java:498)
at org.testng.internal.MethodInvocationHelper.invokeMethod(MethodInvocationHelper.java:124)
at org.testng.internal.MethodInvocationHelper.invokeMethodConsideringTimeout(MethodInvocationHelper.java:59)
at org.testng.internal.Invoker.invokeConfigurationMethod(Invoker.java:458)
at org.testng.internal.Invoker.invokeConfigurations(Invoker.java:222)
at org.testng.internal.Invoker.invokeMethod(Invoker.java:523)
at org.testng.internal.Invoker.invokeTestMethod(Invoker.java:719)
at org.testng.internal.Invoker.invokeTestMethods(Invoker.java:989)
at org.testng.internal.TestMethodWorker.invokeTestMethods(TestMethodWorker.java:125)
at org.testng.internal.TestMethodWorker.run(TestMethodWorker.java:109)
at org.testng.TestRunner.privateRun(TestRunner.java:648)
at org.testng.TestRunner.run(TestRunner.java:505)
at org.testng.SuiteRunner.runTest(SuiteRunner.java:455)
at org.testng.SuiteRunner.runSequentially(SuiteRunner.java:450)
at org.testng.SuiteRunner.privateRun(SuiteRunner.java:415)
at org.testng.SuiteRunner.run(SuiteRunner.java:364)
at org.testng.SuiteRunnerWorker.runSuite(SuiteRunnerWorker.java:52)
at org.testng.SuiteRunnerWorker.run(SuiteRunnerWorker.java:84)
at org.testng.TestNG.runSuitesSequentially(TestNG.java:1208)
at org.testng.TestNG.runSuitesLocally(TestNG.java:1137)
at org.testng.TestNG.runSuites(TestNG.java:1049)
at org.testng.TestNG.run(TestNG.java:1017)
at org.testng.remote.AbstractRemoteTestNG.run(AbstractRemoteTestNG.java:115)
at org.testng.remote.RemoteTestNG.initAndRun(RemoteTestNG.java:251)
at org.testng.remote.RemoteTestNG.main(RemoteTestNG.java:77)
]]>
            </full-stacktrace>
          </exception> <!-- java.lang.NullPointerException -->
          <reporter-output>
          </reporter-output>
        </test-method> <!-- Test_Validate_AmazonSignUp -->
        <test-method status="SKIP" signature="getResult(org.testng.ITestResult)[pri:0, instance:com.nag.nagp.testcases.Test_AmazonApp@2db7a79b]" name="getResult" is-config="true" duration-ms="0" started-at="2019-08-07T16:30:18Z" finished-at="2019-08-07T16:30:18Z">
          <reporter-output>
          </reporter-output>
        </test-method> <!-- getResult -->
        <test-method status="SKIP" signature="initializeRestClient(java.lang.reflect.Method, org.testng.ITestResult)[pri:0, instance:com.nag.nagp.testcases.Test_AmazonApp@2db7a79b]" name="initializeRestClient" is-config="true" duration-ms="0" started-at="2019-08-07T16:30:18Z" finished-at="2019-08-07T16:30:18Z">
          <reporter-output>
          </reporter-output>
        </test-method> <!-- initializeRestClient -->
        <test-method status="SKIP" signature="Test_Validate_ClickSignIn()[pri:0, instance:com.nag.nagp.testcases.Test_AmazonApp@2db7a79b]" name="Test_Validate_ClickSignIn" duration-ms="0" started-at="2019-08-07T16:30:18Z" description="Validate Login Page Amazon Application" finished-at="2019-08-07T16:30:18Z">
          <exception class="java.lang.NullPointerException">
            <full-stacktrace>
              <![CDATA[java.lang.NullPointerException
at com.nag.nagp.selenium.keywords.SeleniumKeywords.navigateTo(SeleniumKeywords.java:65)
at com.nag.nagp.testcasebase.TestCasesBase.initializeRestClient(TestCasesBase.java:85)
at sun.reflect.NativeMethodAccessorImpl.invoke0(Native Method)
at sun.reflect.NativeMethodAccessorImpl.invoke(NativeMethodAccessorImpl.java:62)
at sun.reflect.DelegatingMethodAccessorImpl.invoke(DelegatingMethodAccessorImpl.java:43)
at java.lang.reflect.Method.invoke(Method.java:498)
at org.testng.internal.MethodInvocationHelper.invokeMethod(MethodInvocationHelper.java:124)
at org.testng.internal.MethodInvocationHelper.invokeMethodConsideringTimeout(MethodInvocationHelper.java:59)
at org.testng.internal.Invoker.invokeConfigurationMethod(Invoker.java:458)
at org.testng.internal.Invoker.invokeConfigurations(Invoker.java:222)
at org.testng.internal.Invoker.invokeMethod(Invoker.java:523)
at org.testng.internal.Invoker.invokeTestMethod(Invoker.java:719)
at org.testng.internal.Invoker.invokeTestMethods(Invoker.java:989)
at org.testng.internal.TestMethodWorker.invokeTestMethods(TestMethodWorker.java:125)
at org.testng.internal.TestMethodWorker.run(TestMethodWorker.java:109)
at org.testng.TestRunner.privateRun(TestRunner.java:648)
at org.testng.TestRunner.run(TestRunner.java:505)
at org.testng.SuiteRunner.runTest(SuiteRunner.java:455)
at org.testng.SuiteRunner.runSequentially(SuiteRunner.java:450)
at org.testng.SuiteRunner.privateRun(SuiteRunner.java:415)
at org.testng.SuiteRunner.run(SuiteRunner.java:364)
at org.testng.SuiteRunnerWorker.runSuite(SuiteRunnerWorker.java:52)
at org.testng.SuiteRunnerWorker.run(SuiteRunnerWorker.java:84)
at org.testng.TestNG.runSuitesSequentially(TestNG.java:1208)
at org.testng.TestNG.runSuitesLocally(TestNG.java:1137)
at org.testng.TestNG.runSuites(TestNG.java:1049)
at org.testng.TestNG.run(TestNG.java:1017)
at org.testng.remote.AbstractRemoteTestNG.run(AbstractRemoteTestNG.java:115)
at org.testng.remote.RemoteTestNG.initAndRun(RemoteTestNG.java:251)
at org.testng.remote.RemoteTestNG.main(RemoteTestNG.java:77)
]]>
            </full-stacktrace>
          </exception> <!-- java.lang.NullPointerException -->
          <reporter-output>
          </reporter-output>
        </test-method> <!-- Test_Validate_ClickSignIn -->
        <test-method status="SKIP" signature="getResult(org.testng.ITestResult)[pri:0, instance:com.nag.nagp.testcases.Test_AmazonApp@2db7a79b]" name="getResult" is-config="true" duration-ms="0" started-at="2019-08-07T16:30:18Z" finished-at="2019-08-07T16:30:18Z">
          <reporter-output>
          </reporter-output>
        </test-method> <!-- getResult -->
        <test-method status="SKIP" signature="initializeRestClient(java.lang.reflect.Method, org.testng.ITestResult)[pri:0, instance:com.nag.nagp.testcases.Test_AmazonApp@2db7a79b]" name="initializeRestClient" is-config="true" duration-ms="0" started-at="2019-08-07T16:30:18Z" finished-at="2019-08-07T16:30:18Z">
          <reporter-output>
          </reporter-output>
        </test-method> <!-- initializeRestClient -->
        <test-method status="SKIP" signature="Test_Validate_Click_AmazonLogo()[pri:0, instance:com.nag.nagp.testcases.Test_AmazonApp@2db7a79b]" name="Test_Validate_Click_AmazonLogo" duration-ms="0" started-at="2019-08-07T16:30:18Z" description="Validate Click Amazon Logo" finished-at="2019-08-07T16:30:18Z">
          <exception class="java.lang.NullPointerException">
            <full-stacktrace>
              <![CDATA[java.lang.NullPointerException
at com.nag.nagp.selenium.keywords.SeleniumKeywords.navigateTo(SeleniumKeywords.java:65)
at com.nag.nagp.testcasebase.TestCasesBase.initializeRestClient(TestCasesBase.java:85)
at sun.reflect.NativeMethodAccessorImpl.invoke0(Native Method)
at sun.reflect.NativeMethodAccessorImpl.invoke(NativeMethodAccessorImpl.java:62)
at sun.reflect.DelegatingMethodAccessorImpl.invoke(DelegatingMethodAccessorImpl.java:43)
at java.lang.reflect.Method.invoke(Method.java:498)
at org.testng.internal.MethodInvocationHelper.invokeMethod(MethodInvocationHelper.java:124)
at org.testng.internal.MethodInvocationHelper.invokeMethodConsideringTimeout(MethodInvocationHelper.java:59)
at org.testng.internal.Invoker.invokeConfigurationMethod(Invoker.java:458)
at org.testng.internal.Invoker.invokeConfigurations(Invoker.java:222)
at org.testng.internal.Invoker.invokeMethod(Invoker.java:523)
at org.testng.internal.Invoker.invokeTestMethod(Invoker.java:719)
at org.testng.internal.Invoker.invokeTestMethods(Invoker.java:989)
at org.testng.internal.TestMethodWorker.invokeTestMethods(TestMethodWorker.java:125)
at org.testng.internal.TestMethodWorker.run(TestMethodWorker.java:109)
at org.testng.TestRunner.privateRun(TestRunner.java:648)
at org.testng.TestRunner.run(TestRunner.java:505)
at org.testng.SuiteRunner.runTest(SuiteRunner.java:455)
at org.testng.SuiteRunner.runSequentially(SuiteRunner.java:450)
at org.testng.SuiteRunner.privateRun(SuiteRunner.java:415)
at org.testng.SuiteRunner.run(SuiteRunner.java:364)
at org.testng.SuiteRunnerWorker.runSuite(SuiteRunnerWorker.java:52)
at org.testng.SuiteRunnerWorker.run(SuiteRunnerWorker.java:84)
at org.testng.TestNG.runSuitesSequentially(TestNG.java:1208)
at org.testng.TestNG.runSuitesLocally(TestNG.java:1137)
at org.testng.TestNG.runSuites(TestNG.java:1049)
at org.testng.TestNG.run(TestNG.java:1017)
at org.testng.remote.AbstractRemoteTestNG.run(AbstractRemoteTestNG.java:115)
at org.testng.remote.RemoteTestNG.initAndRun(RemoteTestNG.java:251)
at org.testng.remote.RemoteTestNG.main(RemoteTestNG.java:77)
]]>
            </full-stacktrace>
          </exception> <!-- java.lang.NullPointerException -->
          <reporter-output>
          </reporter-output>
        </test-method> <!-- Test_Validate_Click_AmazonLogo -->
        <test-method status="SKIP" signature="getResult(org.testng.ITestResult)[pri:0, instance:com.nag.nagp.testcases.Test_AmazonApp@2db7a79b]" name="getResult" is-config="true" duration-ms="0" started-at="2019-08-07T16:30:18Z" finished-at="2019-08-07T16:30:18Z">
          <reporter-output>
          </reporter-output>
        </test-method> <!-- getResult -->
        <test-method status="SKIP" signature="initializeRestClient(java.lang.reflect.Method, org.testng.ITestResult)[pri:0, instance:com.nag.nagp.testcases.Test_AmazonApp@2db7a79b]" name="initializeRestClient" is-config="true" duration-ms="0" started-at="2019-08-07T16:30:18Z" finished-at="2019-08-07T16:30:18Z">
          <reporter-output>
          </reporter-output>
        </test-method> <!-- initializeRestClient -->
        <test-method status="SKIP" signature="Test_Validate_HomePage()[pri:0, instance:com.nag.nagp.testcases.Test_AmazonApp@2db7a79b]" name="Test_Validate_HomePage" duration-ms="0" started-at="2019-08-07T16:30:18Z" description="Validate Amazon Application Home page" finished-at="2019-08-07T16:30:18Z">
          <exception class="java.lang.NullPointerException">
            <full-stacktrace>
              <![CDATA[java.lang.NullPointerException
at com.nag.nagp.selenium.keywords.SeleniumKeywords.navigateTo(SeleniumKeywords.java:65)
at com.nag.nagp.testcasebase.TestCasesBase.initializeRestClient(TestCasesBase.java:85)
at sun.reflect.NativeMethodAccessorImpl.invoke0(Native Method)
at sun.reflect.NativeMethodAccessorImpl.invoke(NativeMethodAccessorImpl.java:62)
at sun.reflect.DelegatingMethodAccessorImpl.invoke(DelegatingMethodAccessorImpl.java:43)
at java.lang.reflect.Method.invoke(Method.java:498)
at org.testng.internal.MethodInvocationHelper.invokeMethod(MethodInvocationHelper.java:124)
at org.testng.internal.MethodInvocationHelper.invokeMethodConsideringTimeout(MethodInvocationHelper.java:59)
at org.testng.internal.Invoker.invokeConfigurationMethod(Invoker.java:458)
at org.testng.internal.Invoker.invokeConfigurations(Invoker.java:222)
at org.testng.internal.Invoker.invokeMethod(Invoker.java:523)
at org.testng.internal.Invoker.invokeTestMethod(Invoker.java:719)
at org.testng.internal.Invoker.invokeTestMethods(Invoker.java:989)
at org.testng.internal.TestMethodWorker.invokeTestMethods(TestMethodWorker.java:125)
at org.testng.internal.TestMethodWorker.run(TestMethodWorker.java:109)
at org.testng.TestRunner.privateRun(TestRunner.java:648)
at org.testng.TestRunner.run(TestRunner.java:505)
at org.testng.SuiteRunner.runTest(SuiteRunner.java:455)
at org.testng.SuiteRunner.runSequentially(SuiteRunner.java:450)
at org.testng.SuiteRunner.privateRun(SuiteRunner.java:415)
at org.testng.SuiteRunner.run(SuiteRunner.java:364)
at org.testng.SuiteRunnerWorker.runSuite(SuiteRunnerWorker.java:52)
at org.testng.SuiteRunnerWorker.run(SuiteRunnerWorker.java:84)
at org.testng.TestNG.runSuitesSequentially(TestNG.java:1208)
at org.testng.TestNG.runSuitesLocally(TestNG.java:1137)
at org.testng.TestNG.runSuites(TestNG.java:1049)
at org.testng.TestNG.run(TestNG.java:1017)
at org.testng.remote.AbstractRemoteTestNG.run(AbstractRemoteTestNG.java:115)
at org.testng.remote.RemoteTestNG.initAndRun(RemoteTestNG.java:251)
at org.testng.remote.RemoteTestNG.main(RemoteTestNG.java:77)
]]>
            </full-stacktrace>
          </exception> <!-- java.lang.NullPointerException -->
          <reporter-output>
          </reporter-output>
        </test-method> <!-- Test_Validate_HomePage -->
        <test-method status="SKIP" signature="getResult(org.testng.ITestResult)[pri:0, instance:com.nag.nagp.testcases.Test_AmazonApp@2db7a79b]" name="getResult" is-config="true" duration-ms="0" started-at="2019-08-07T16:30:18Z" finished-at="2019-08-07T16:30:18Z">
          <reporter-output>
          </reporter-output>
        </test-method> <!-- getResult -->
        <test-method status="FAIL" signature="tearDown(java.lang.String)[pri:0, instance:com.nag.nagp.testcases.Test_AmazonApp@2db7a79b]" name="tearDown" is-config="true" duration-ms="414" started-at="2019-08-07T16:30:18Z" finished-at="2019-08-07T16:30:18Z">
          <params>
            <param index="0">
              <value>
                <![CDATA[chrome]]>
              </value>
            </param>
          </params>
          <exception class="java.lang.NullPointerException">
            <full-stacktrace>
              <![CDATA[java.lang.NullPointerException
at com.nag.nagp.client.BrowserFactory.quitDriver(BrowserFactory.java:91)
at com.nag.nagp.testcasebase.TestCasesBase.tearDown(TestCasesBase.java:109)
at sun.reflect.NativeMethodAccessorImpl.invoke0(Native Method)
at sun.reflect.NativeMethodAccessorImpl.invoke(NativeMethodAccessorImpl.java:62)
at sun.reflect.DelegatingMethodAccessorImpl.invoke(DelegatingMethodAccessorImpl.java:43)
at java.lang.reflect.Method.invoke(Method.java:498)
at org.testng.internal.MethodInvocationHelper.invokeMethod(MethodInvocationHelper.java:124)
at org.testng.internal.MethodInvocationHelper.invokeMethodConsideringTimeout(MethodInvocationHelper.java:59)
at org.testng.internal.Invoker.invokeConfigurationMethod(Invoker.java:458)
at org.testng.internal.Invoker.invokeConfigurations(Invoker.java:222)
at org.testng.internal.Invoker.invokeConfigurations(Invoker.java:142)
at org.testng.TestRunner.afterRun(TestRunner.java:725)
at org.testng.TestRunner.run(TestRunner.java:509)
at org.testng.SuiteRunner.runTest(SuiteRunner.java:455)
at org.testng.SuiteRunner.runSequentially(SuiteRunner.java:450)
at org.testng.SuiteRunner.privateRun(SuiteRunner.java:415)
at org.testng.SuiteRunner.run(SuiteRunner.java:364)
at org.testng.SuiteRunnerWorker.runSuite(SuiteRunnerWorker.java:52)
at org.testng.SuiteRunnerWorker.run(SuiteRunnerWorker.java:84)
at org.testng.TestNG.runSuitesSequentially(TestNG.java:1208)
at org.testng.TestNG.runSuitesLocally(TestNG.java:1137)
at org.testng.TestNG.runSuites(TestNG.java:1049)
at org.testng.TestNG.run(TestNG.java:1017)
at org.testng.remote.AbstractRemoteTestNG.run(AbstractRemoteTestNG.java:115)
at org.testng.remote.RemoteTestNG.initAndRun(RemoteTestNG.java:251)
at org.testng.remote.RemoteTestNG.main(RemoteTestNG.java:77)
]]>
            </full-stacktrace>
          </exception> <!-- java.lang.NullPointerException -->
          <reporter-output>
          </reporter-output>
        </test-method> <!-- tearDown -->
      </class> <!-- com.nag.nagp.testcases.Test_AmazonApp -->
    </test> <!-- Test Application - Firefox -->
    <test name="Test Application - Chrome" duration-ms="25300" started-at="2019-08-07T16:30:18Z" finished-at="2019-08-07T16:30:44Z">
      <class name="com.nag.nagp.testcases.Test_AmazonApp">
        <test-method status="PASS" signature="beforeSuite()[pri:0, instance:com.nag.nagp.testcases.Test_AmazonApp@365185bd]" name="beforeSuite" is-config="true" duration-ms="256" started-at="2019-08-07T16:30:13Z" finished-at="2019-08-07T16:30:13Z">
          <reporter-output>
          </reporter-output>
        </test-method> <!-- beforeSuite -->
        <test-method status="PASS" signature="beforeTest(java.lang.String)[pri:0, instance:com.nag.nagp.testcases.Test_AmazonApp@365185bd]" name="beforeTest" is-config="true" duration-ms="5941" started-at="2019-08-07T16:30:18Z" finished-at="2019-08-07T16:30:24Z">
          <params>
            <param index="0">
              <value>
                <![CDATA[firefox]]>
              </value>
            </param>
          </params>
          <reporter-output>
          </reporter-output>
        </test-method> <!-- beforeTest -->
        <test-method status="PASS" signature="initializeRestClient(java.lang.reflect.Method, org.testng.ITestResult)[pri:0, instance:com.nag.nagp.testcases.Test_AmazonApp@365185bd]" name="initializeRestClient" is-config="true" duration-ms="2557" started-at="2019-08-07T16:30:24Z" finished-at="2019-08-07T16:30:27Z">
          <params>
            <param index="0">
              <value>
                <![CDATA[public void com.nag.nagp.testcases.Test_AmazonApp.Test_Validate_AmazonSignUp() throws com.nag.nagp.customException.ElementNotFound,com.nag.nagp.customException.ElementNotClickable]]>
              </value>
            </param>
            <param index="1">
              <value>
                <![CDATA[[TestResult name=Test_Validate_AmazonSignUp status=SUCCESS method=Test_AmazonApp.Test_Validate_AmazonSignUp()[pri:0, instance:com.nag.nagp.testcases.Test_AmazonApp@365185bd] output={null}]]]>
              </value>
            </param>
          </params>
          <reporter-output>
          </reporter-output>
        </test-method> <!-- initializeRestClient -->
        <test-method status="PASS" signature="Test_Validate_AmazonSignUp()[pri:0, instance:com.nag.nagp.testcases.Test_AmazonApp@365185bd]" name="Test_Validate_AmazonSignUp" duration-ms="3191" started-at="2019-08-07T16:30:27Z" description="Validate Create Account Amazon Application" finished-at="2019-08-07T16:30:30Z">
          <reporter-output>
          </reporter-output>
        </test-method> <!-- Test_Validate_AmazonSignUp -->
        <test-method status="PASS" signature="getResult(org.testng.ITestResult)[pri:0, instance:com.nag.nagp.testcases.Test_AmazonApp@365185bd]" name="getResult" is-config="true" duration-ms="2" started-at="2019-08-07T16:30:30Z" finished-at="2019-08-07T16:30:30Z">
          <params>
            <param index="0">
              <value>
                <![CDATA[[TestResult name=Test_Validate_AmazonSignUp status=SUCCESS method=Test_AmazonApp.Test_Validate_AmazonSignUp()[pri:0, instance:com.nag.nagp.testcases.Test_AmazonApp@365185bd] output={null}]]]>
              </value>
            </param>
          </params>
          <reporter-output>
          </reporter-output>
        </test-method> <!-- getResult -->
        <test-method status="PASS" signature="initializeRestClient(java.lang.reflect.Method, org.testng.ITestResult)[pri:0, instance:com.nag.nagp.testcases.Test_AmazonApp@365185bd]" name="initializeRestClient" is-config="true" duration-ms="1257" started-at="2019-08-07T16:30:30Z" finished-at="2019-08-07T16:30:31Z">
          <params>
            <param index="0">
              <value>
                <![CDATA[public void com.nag.nagp.testcases.Test_AmazonApp.Test_Validate_ClickSignIn() throws com.nag.nagp.customException.ElementNotFound,com.nag.nagp.customException.ElementNotClickable]]>
              </value>
            </param>
            <param index="1">
              <value>
                <![CDATA[[TestResult name=Test_Validate_ClickSignIn status=SUCCESS method=Test_AmazonApp.Test_Validate_ClickSignIn()[pri:0, instance:com.nag.nagp.testcases.Test_AmazonApp@365185bd] output={null}]]]>
              </value>
            </param>
          </params>
          <reporter-output>
          </reporter-output>
        </test-method> <!-- initializeRestClient -->
        <test-method status="PASS" signature="Test_Validate_ClickSignIn()[pri:0, instance:com.nag.nagp.testcases.Test_AmazonApp@365185bd]" name="Test_Validate_ClickSignIn" duration-ms="2512" started-at="2019-08-07T16:30:31Z" description="Validate Login Page Amazon Application" finished-at="2019-08-07T16:30:34Z">
          <reporter-output>
          </reporter-output>
        </test-method> <!-- Test_Validate_ClickSignIn -->
        <test-method status="PASS" signature="getResult(org.testng.ITestResult)[pri:0, instance:com.nag.nagp.testcases.Test_AmazonApp@365185bd]" name="getResult" is-config="true" duration-ms="2" started-at="2019-08-07T16:30:34Z" finished-at="2019-08-07T16:30:34Z">
          <params>
            <param index="0">
              <value>
                <![CDATA[[TestResult name=Test_Validate_ClickSignIn status=SUCCESS method=Test_AmazonApp.Test_Validate_ClickSignIn()[pri:0, instance:com.nag.nagp.testcases.Test_AmazonApp@365185bd] output={null}]]]>
              </value>
            </param>
          </params>
          <reporter-output>
          </reporter-output>
        </test-method> <!-- getResult -->
        <test-method status="PASS" signature="initializeRestClient(java.lang.reflect.Method, org.testng.ITestResult)[pri:0, instance:com.nag.nagp.testcases.Test_AmazonApp@365185bd]" name="initializeRestClient" is-config="true" duration-ms="1270" started-at="2019-08-07T16:30:34Z" finished-at="2019-08-07T16:30:35Z">
          <params>
            <param index="0">
              <value>
                <![CDATA[public void com.nag.nagp.testcases.Test_AmazonApp.Test_Validate_Click_AmazonLogo() throws com.nag.nagp.customException.ElementNotFound,com.nag.nagp.customException.ElementNotClickable]]>
              </value>
            </param>
            <param index="1">
              <value>
                <![CDATA[[TestResult name=Test_Validate_Click_AmazonLogo status=FAILURE method=Test_AmazonApp.Test_Validate_Click_AmazonLogo()[pri:0, instance:com.nag.nagp.testcases.Test_AmazonApp@365185bd] output={null}]]]>
              </value>
            </param>
          </params>
          <reporter-output>
          </reporter-output>
        </test-method> <!-- initializeRestClient -->
        <test-method status="FAIL" signature="Test_Validate_Click_AmazonLogo()[pri:0, instance:com.nag.nagp.testcases.Test_AmazonApp@365185bd]" name="Test_Validate_Click_AmazonLogo" duration-ms="1652" started-at="2019-08-07T16:30:35Z" description="Validate Click Amazon Logo" finished-at="2019-08-07T16:30:37Z">
          <exception class="com.nag.nagp.customException.ElementNotFound">
            <message>
              <![CDATA[
Element searchedText [By.xpath: (//span[@class='rush-component']//span[contains(text(),'fossil watches for men latest')])[1]] Not found]]>
            </message>
            <full-stacktrace>
              <![CDATA[com.nag.nagp.customException.ElementNotFound: 
Element searchedText [By.xpath: (//span[@class='rush-component']//span[contains(text(),'fossil watches for men latest')])[1]] Not found
at com.nag.nagp.selenium.keywords.SeleniumKeywords.verifyElementPresence(SeleniumKeywords.java:46)
at com.nag.nagp.testcases.Test_AmazonApp.Test_Validate_Click_AmazonLogo(Test_AmazonApp.java:73)
at sun.reflect.NativeMethodAccessorImpl.invoke0(Native Method)
at sun.reflect.NativeMethodAccessorImpl.invoke(NativeMethodAccessorImpl.java:62)
at sun.reflect.DelegatingMethodAccessorImpl.invoke(DelegatingMethodAccessorImpl.java:43)
at java.lang.reflect.Method.invoke(Method.java:498)
at org.testng.internal.MethodInvocationHelper.invokeMethod(MethodInvocationHelper.java:124)
at org.testng.internal.Invoker.invokeMethod(Invoker.java:583)
at org.testng.internal.Invoker.invokeTestMethod(Invoker.java:719)
at org.testng.internal.Invoker.invokeTestMethods(Invoker.java:989)
at org.testng.internal.TestMethodWorker.invokeTestMethods(TestMethodWorker.java:125)
at org.testng.internal.TestMethodWorker.run(TestMethodWorker.java:109)
at org.testng.TestRunner.privateRun(TestRunner.java:648)
at org.testng.TestRunner.run(TestRunner.java:505)
at org.testng.SuiteRunner.runTest(SuiteRunner.java:455)
at org.testng.SuiteRunner.runSequentially(SuiteRunner.java:450)
at org.testng.SuiteRunner.privateRun(SuiteRunner.java:415)
at org.testng.SuiteRunner.run(SuiteRunner.java:364)
at org.testng.SuiteRunnerWorker.runSuite(SuiteRunnerWorker.java:52)
at org.testng.SuiteRunnerWorker.run(SuiteRunnerWorker.java:84)
at org.testng.TestNG.runSuitesSequentially(TestNG.java:1208)
at org.testng.TestNG.runSuitesLocally(TestNG.java:1137)
at org.testng.TestNG.runSuites(TestNG.java:1049)
at org.testng.TestNG.run(TestNG.java:1017)
at org.testng.remote.AbstractRemoteTestNG.run(AbstractRemoteTestNG.java:115)
at org.testng.remote.RemoteTestNG.initAndRun(RemoteTestNG.java:251)
at org.testng.remote.RemoteTestNG.main(RemoteTestNG.java:77)
]]>
            </full-stacktrace>
          </exception> <!-- com.nag.nagp.customException.ElementNotFound -->
          <reporter-output>
          </reporter-output>
        </test-method> <!-- Test_Validate_Click_AmazonLogo -->
        <test-method status="PASS" signature="getResult(org.testng.ITestResult)[pri:0, instance:com.nag.nagp.testcases.Test_AmazonApp@365185bd]" name="getResult" is-config="true" duration-ms="1745" started-at="2019-08-07T16:30:37Z" finished-at="2019-08-07T16:30:39Z">
          <params>
            <param index="0">
              <value>
                <![CDATA[[TestResult name=Test_Validate_Click_AmazonLogo status=FAILURE method=Test_AmazonApp.Test_Validate_Click_AmazonLogo()[pri:0, instance:com.nag.nagp.testcases.Test_AmazonApp@365185bd] output={null}]]]>
              </value>
            </param>
          </params>
          <reporter-output>
          </reporter-output>
        </test-method> <!-- getResult -->
        <test-method status="PASS" signature="initializeRestClient(java.lang.reflect.Method, org.testng.ITestResult)[pri:0, instance:com.nag.nagp.testcases.Test_AmazonApp@365185bd]" name="initializeRestClient" is-config="true" duration-ms="940" started-at="2019-08-07T16:30:39Z" finished-at="2019-08-07T16:30:39Z">
          <params>
            <param index="0">
              <value>
                <![CDATA[public void com.nag.nagp.testcases.Test_AmazonApp.Test_Validate_HomePage() throws com.nag.nagp.customException.ElementNotFound,com.nag.nagp.customException.ElementNotClickable]]>
              </value>
            </param>
            <param index="1">
              <value>
                <![CDATA[[TestResult name=Test_Validate_HomePage status=SUCCESS method=Test_AmazonApp.Test_Validate_HomePage()[pri:0, instance:com.nag.nagp.testcases.Test_AmazonApp@365185bd] output={null}]]]>
              </value>
            </param>
          </params>
          <reporter-output>
          </reporter-output>
        </test-method> <!-- initializeRestClient -->
        <test-method status="PASS" signature="Test_Validate_HomePage()[pri:0, instance:com.nag.nagp.testcases.Test_AmazonApp@365185bd]" name="Test_Validate_HomePage" duration-ms="1182" started-at="2019-08-07T16:30:39Z" description="Validate Amazon Application Home page" finished-at="2019-08-07T16:30:41Z">
          <reporter-output>
          </reporter-output>
        </test-method> <!-- Test_Validate_HomePage -->
        <test-method status="PASS" signature="getResult(org.testng.ITestResult)[pri:0, instance:com.nag.nagp.testcases.Test_AmazonApp@365185bd]" name="getResult" is-config="true" duration-ms="2" started-at="2019-08-07T16:30:41Z" finished-at="2019-08-07T16:30:41Z">
          <params>
            <param index="0">
              <value>
                <![CDATA[[TestResult name=Test_Validate_HomePage status=SUCCESS method=Test_AmazonApp.Test_Validate_HomePage()[pri:0, instance:com.nag.nagp.testcases.Test_AmazonApp@365185bd] output={null}]]]>
              </value>
            </param>
          </params>
          <reporter-output>
          </reporter-output>
        </test-method> <!-- getResult -->
        <test-method status="PASS" signature="tearDown(java.lang.String)[pri:0, instance:com.nag.nagp.testcases.Test_AmazonApp@365185bd]" name="tearDown" is-config="true" duration-ms="3028" started-at="2019-08-07T16:30:41Z" finished-at="2019-08-07T16:30:44Z">
          <params>
            <param index="0">
              <value>
                <![CDATA[firefox]]>
              </value>
            </param>
          </params>
          <reporter-output>
          </reporter-output>
        </test-method> <!-- tearDown -->
      </class> <!-- com.nag.nagp.testcases.Test_AmazonApp -->
    </test> <!-- Test Application - Chrome -->
  </suite> <!-- RegressionSuite -->
</testng-results>
